# JRE version: OpenJDK Runtime Environment (11.0.13) (build 11.0.13+0-b1751.21-8125866)
# Java VM: OpenJDK 64-Bit Server VM (11.0.13+0-b1751.21-8125866, mixed mode, tiered, compressed oops, g1 gc, windows-amd64)
Heap:
 garbage-first heap   total 225280K, used 123904K [0x0000000080000000, 0x0000000100000000)
  region size 1024K, 28 young (28672K), 12 survivors (12288K)
 Metaspace       used 96792K, capacity 99738K, committed 100008K, reserved 1140736K
  class space    used 12722K, capacity 13848K, committed 13900K, reserved 1048576K
GC Heap History (20 events):
Event: 7.006 GC heap before
{Heap before GC invocations=10 (full 0):
 garbage-first heap   total 155648K, used 110750K [0x0000000080000000, 0x0000000100000000)
  region size 1024K, 82 young (83968K), 8 survivors (8192K)
 Metaspace       used 51224K, capacity 52580K, committed 52892K, reserved 1095680K
  class space    used 6480K, capacity 7001K, committed 7116K, reserved 1048576K
}
Event: 7.015 GC heap after
{Heap after GC invocations=11 (full 0):
 garbage-first heap   total 155648K, used 42677K [0x0000000080000000, 0x0000000100000000)
  region size 1024K, 11 young (11264K), 11 survivors (11264K)
 Metaspace       used 51224K, capacity 52580K, committed 52892K, reserved 1095680K
  class space    used 6480K, capacity 7001K, committed 7116K, reserved 1048576K
}
Event: 7.782 GC heap before
{Heap before GC invocations=11 (full 0):
 garbage-first heap   total 155648K, used 95925K [0x0000000080000000, 0x0000000100000000)
  region size 1024K, 64 young (65536K), 11 survivors (11264K)
 Metaspace       used 58991K, capacity 60436K, committed 60572K, reserved 1101824K
  class space    used 7465K, capacity 8038K, committed 8140K, reserved 1048576K
}
Event: 7.799 GC heap after
{Heap after GC invocations=12 (full 0):
 garbage-first heap   total 187392K, used 44888K [0x0000000080000000, 0x0000000100000000)
  region size 1024K, 3 young (3072K), 3 survivors (3072K)
 Metaspace       used 58991K, capacity 60436K, committed 60572K, reserved 1101824K
  class space    used 7465K, capacity 8038K, committed 8140K, reserved 1048576K
}
Event: 8.652 GC heap before
{Heap before GC invocations=13 (full 0):
 garbage-first heap   total 187392K, used 143192K [0x0000000080000000, 0x0000000100000000)
  region size 1024K, 92 young (94208K), 3 survivors (3072K)
 Metaspace       used 65092K, capacity 66626K, committed 66856K, reserved 1107968K
  class space    used 8241K, capacity 8803K, committed 8908K, reserved 1048576K
}
Event: 8.661 GC heap after
{Heap after GC invocations=14 (full 0):
 garbage-first heap   total 187392K, used 51851K [0x0000000080000000, 0x0000000100000000)
  region size 1024K, 10 young (10240K), 10 survivors (10240K)
 Metaspace       used 65092K, capacity 66626K, committed 66856K, reserved 1107968K
  class space    used 8241K, capacity 8803K, committed 8908K, reserved 1048576K
}
Event: 9.528 GC heap before
{Heap before GC invocations=14 (full 0):
 garbage-first heap   total 187392K, used 136843K [0x0000000080000000, 0x0000000100000000)
  region size 1024K, 93 young (95232K), 10 survivors (10240K)
 Metaspace       used 71764K, capacity 73442K, committed 73640K, reserved 1114112K
  class space    used 9291K, capacity 9932K, committed 10060K, reserved 1048576K
}
Event: 9.541 GC heap after
{Heap after GC invocations=15 (full 0):
 garbage-first heap   total 187392K, used 57540K [0x0000000080000000, 0x0000000100000000)
  region size 1024K, 6 young (6144K), 6 survivors (6144K)
 Metaspace       used 71764K, capacity 73442K, committed 73640K, reserved 1114112K
  class space    used 9291K, capacity 9932K, committed 10060K, reserved 1048576K
}
Event: 10.615 GC heap before
{Heap before GC invocations=15 (full 0):
 garbage-first heap   total 187392K, used 141508K [0x0000000080000000, 0x0000000100000000)
  region size 1024K, 88 young (90112K), 6 survivors (6144K)
 Metaspace       used 79851K, capacity 81815K, committed 81960K, reserved 1120256K
  class space    used 10426K, capacity 11137K, committed 11212K, reserved 1048576K
}
Event: 10.627 GC heap after
{Heap after GC invocations=16 (full 0):
 garbage-first heap   total 187392K, used 62435K [0x0000000080000000, 0x0000000100000000)
  region size 1024K, 11 young (11264K), 11 survivors (11264K)
 Metaspace       used 79851K, capacity 81815K, committed 81960K, reserved 1120256K
  class space    used 10426K, capacity 11137K, committed 11212K, reserved 1048576K
}
Event: 11.333 GC heap before
{Heap before GC invocations=16 (full 0):
 garbage-first heap   total 187392K, used 144355K [0x0000000080000000, 0x0000000100000000)
  region size 1024K, 92 young (94208K), 11 survivors (11264K)
 Metaspace       used 82449K, capacity 84822K, committed 85160K, reserved 1122304K
  class space    used 10868K, capacity 11761K, committed 11852K, reserved 1048576K
}
Event: 11.350 GC heap after
{Heap after GC invocations=17 (full 0):
 garbage-first heap   total 187392K, used 68117K [0x0000000080000000, 0x0000000100000000)
  region size 1024K, 11 young (11264K), 11 survivors (11264K)
 Metaspace       used 82449K, capacity 84822K, committed 85160K, reserved 1122304K
  class space    used 10868K, capacity 11761K, committed 11852K, reserved 1048576K
}
Event: 11.826 GC heap before
{Heap before GC invocations=17 (full 0):
 garbage-first heap   total 187392K, used 145941K [0x0000000080000000, 0x0000000100000000)
  region size 1024K, 88 young (90112K), 11 survivors (11264K)
 Metaspace       used 84621K, capacity 87063K, committed 87208K, reserved 1124352K
  class space    used 11042K, capacity 12000K, committed 12108K, reserved 1048576K
}
Event: 11.841 GC heap after
{Heap after GC invocations=18 (full 0):
 garbage-first heap   total 225280K, used 73225K [0x0000000080000000, 0x0000000100000000)
  region size 1024K, 11 young (11264K), 11 survivors (11264K)
 Metaspace       used 84621K, capacity 87063K, committed 87208K, reserved 1124352K
  class space    used 11042K, capacity 12000K, committed 12108K, reserved 1048576K
}
Event: 12.173 GC heap before
{Heap before GC invocations=18 (full 0):
 garbage-first heap   total 225280K, used 169481K [0x0000000080000000, 0x0000000100000000)
  region size 1024K, 106 young (108544K), 11 survivors (11264K)
 Metaspace       used 89174K, capacity 91707K, committed 91944K, reserved 1128448K
  class space    used 11663K, capacity 12630K, committed 12748K, reserved 1048576K
}
Event: 12.187 GC heap after
{Heap after GC invocations=19 (full 0):
 garbage-first heap   total 225280K, used 84161K [0x0000000080000000, 0x0000000100000000)
  region size 1024K, 14 young (14336K), 14 survivors (14336K)
 Metaspace       used 89174K, capacity 91707K, committed 91944K, reserved 1128448K
  class space    used 11663K, capacity 12630K, committed 12748K, reserved 1048576K
}
Event: 12.524 GC heap before
{Heap before GC invocations=19 (full 0):
 garbage-first heap   total 225280K, used 173249K [0x0000000080000000, 0x0000000100000000)
  region size 1024K, 102 young (104448K), 14 survivors (14336K)
 Metaspace       used 94587K, capacity 97260K, committed 97576K, reserved 1134592K
  class space    used 12339K, capacity 13380K, committed 13516K, reserved 1048576K
}
Event: 12.547 GC heap after
{Heap after GC invocations=20 (full 0):
 garbage-first heap   total 225280K, used 94337K [0x0000000080000000, 0x0000000100000000)
  region size 1024K, 13 young (13312K), 13 survivors (13312K)
 Metaspace       used 94587K, capacity 97260K, committed 97576K, reserved 1134592K
  class space    used 12339K, capacity 13380K, committed 13516K, reserved 1048576K
}
Event: 12.761 GC heap before
{Heap before GC invocations=20 (full 0):
 garbage-first heap   total 225280K, used 174209K [0x0000000080000000, 0x0000000100000000)
  region size 1024K, 91 young (93184K), 13 survivors (13312K)
 Metaspace       used 96136K, capacity 99042K, committed 99112K, reserved 1140736K
  class space    used 12600K, capacity 13721K, committed 13772K, reserved 1048576K
}
Event: 12.786 GC heap after
{Heap after GC invocations=21 (full 0):
 garbage-first heap   total 225280K, used 108544K [0x0000000080000000, 0x0000000100000000)
  region size 1024K, 12 young (12288K), 12 survivors (12288K)
 Metaspace       used 96136K, capacity 99042K, committed 99112K, reserved 1140736K
  class space    used 12600K, capacity 13721K, committed 13772K, reserved 1048576K
}

