# JRE version: OpenJDK Runtime Environment (11.0.13) (build 11.0.13+0-b1751.21-8125866)
# Java VM: OpenJDK 64-Bit Server VM (11.0.13+0-b1751.21-8125866, mixed mode, tiered, compressed oops, g1 gc, windows-amd64)
Heap:
 garbage-first heap   total 324608K, used 270131K [0x0000000080000000, 0x0000000100000000)
  region size 1024K, 151 young (154624K), 9 survivors (9216K)
 Metaspace       used 102464K, capacity 105088K, committed 105736K, reserved 1140736K
  class space    used 13182K, capacity 14212K, committed 14464K, reserved 1048576K
GC Heap History (20 events):
Event: 17.407 GC heap before
{Heap before GC invocations=32 (full 0):
 garbage-first heap   total 270336K, used 201035K [0x0000000080000000, 0x0000000100000000)
  region size 1024K, 83 young (84992K), 5 survivors (5120K)
 Metaspace       used 99848K, capacity 102283K, committed 103560K, reserved 1138688K
  class space    used 12901K, capacity 13818K, committed 14336K, reserved 1048576K
}
Event: 17.414 GC heap after
{Heap after GC invocations=33 (full 0):
 garbage-first heap   total 270336K, used 121388K [0x0000000080000000, 0x0000000100000000)
  region size 1024K, 5 young (5120K), 5 survivors (5120K)
 Metaspace       used 99848K, capacity 102283K, committed 103560K, reserved 1138688K
  class space    used 12901K, capacity 13818K, committed 14336K, reserved 1048576K
}
Event: 17.695 GC heap before
{Heap before GC invocations=33 (full 0):
 garbage-first heap   total 270336K, used 213548K [0x0000000080000000, 0x0000000100000000)
  region size 1024K, 95 young (97280K), 5 survivors (5120K)
 Metaspace       used 100121K, capacity 102563K, committed 103816K, reserved 1138688K
  class space    used 12902K, capacity 13820K, committed 14336K, reserved 1048576K
}
Event: 17.701 GC heap after
{Heap after GC invocations=34 (full 0):
 garbage-first heap   total 270336K, used 121887K [0x0000000080000000, 0x0000000100000000)
  region size 1024K, 5 young (5120K), 5 survivors (5120K)
 Metaspace       used 100121K, capacity 102563K, committed 103816K, reserved 1138688K
  class space    used 12902K, capacity 13820K, committed 14336K, reserved 1048576K
}
Event: 17.963 GC heap before
{Heap before GC invocations=34 (full 0):
 garbage-first heap   total 270336K, used 217119K [0x0000000080000000, 0x0000000100000000)
  region size 1024K, 98 young (100352K), 5 survivors (5120K)
 Metaspace       used 100290K, capacity 102805K, committed 104072K, reserved 1138688K
  class space    used 12907K, capacity 13853K, committed 14336K, reserved 1048576K
}
Event: 17.972 GC heap after
{Heap after GC invocations=35 (full 0):
 garbage-first heap   total 270336K, used 122467K [0x0000000080000000, 0x0000000100000000)
  region size 1024K, 6 young (6144K), 6 survivors (6144K)
 Metaspace       used 100290K, capacity 102805K, committed 104072K, reserved 1138688K
  class space    used 12907K, capacity 13853K, committed 14336K, reserved 1048576K
}
Event: 18.203 GC heap before
{Heap before GC invocations=35 (full 0):
 garbage-first heap   total 270336K, used 218723K [0x0000000080000000, 0x0000000100000000)
  region size 1024K, 100 young (102400K), 6 survivors (6144K)
 Metaspace       used 100360K, capacity 102832K, committed 104072K, reserved 1138688K
  class space    used 12911K, capacity 13860K, committed 14336K, reserved 1048576K
}
Event: 18.211 GC heap after
{Heap after GC invocations=36 (full 0):
 garbage-first heap   total 270336K, used 123238K [0x0000000080000000, 0x0000000100000000)
  region size 1024K, 7 young (7168K), 7 survivors (7168K)
 Metaspace       used 100360K, capacity 102832K, committed 104072K, reserved 1138688K
  class space    used 12911K, capacity 13860K, committed 14336K, reserved 1048576K
}
Event: 18.453 GC heap before
{Heap before GC invocations=36 (full 0):
 garbage-first heap   total 270336K, used 223590K [0x0000000080000000, 0x0000000100000000)
  region size 1024K, 105 young (107520K), 7 survivors (7168K)
 Metaspace       used 100534K, capacity 103025K, committed 104072K, reserved 1138688K
  class space    used 12941K, capacity 13883K, committed 14336K, reserved 1048576K
}
Event: 18.465 GC heap after
{Heap after GC invocations=37 (full 0):
 garbage-first heap   total 270336K, used 123575K [0x0000000080000000, 0x0000000100000000)
  region size 1024K, 7 young (7168K), 7 survivors (7168K)
 Metaspace       used 100534K, capacity 103025K, committed 104072K, reserved 1138688K
  class space    used 12941K, capacity 13883K, committed 14336K, reserved 1048576K
}
Event: 18.698 GC heap before
{Heap before GC invocations=37 (full 0):
 garbage-first heap   total 270336K, used 228023K [0x0000000080000000, 0x0000000100000000)
  region size 1024K, 109 young (111616K), 7 survivors (7168K)
 Metaspace       used 100565K, capacity 103060K, committed 104072K, reserved 1138688K
  class space    used 12943K, capacity 13916K, committed 14336K, reserved 1048576K
}
Event: 18.707 GC heap after
{Heap after GC invocations=38 (full 0):
 garbage-first heap   total 270336K, used 123951K [0x0000000080000000, 0x0000000100000000)
  region size 1024K, 7 young (7168K), 7 survivors (7168K)
 Metaspace       used 100565K, capacity 103060K, committed 104072K, reserved 1138688K
  class space    used 12943K, capacity 13916K, committed 14336K, reserved 1048576K
}
Event: 19.223 GC heap before
{Heap before GC invocations=38 (full 0):
 garbage-first heap   total 270336K, used 231471K [0x0000000080000000, 0x0000000100000000)
  region size 1024K, 111 young (113664K), 7 survivors (7168K)
 Metaspace       used 102401K, capacity 105018K, committed 105480K, reserved 1140736K
  class space    used 13182K, capacity 14211K, committed 14464K, reserved 1048576K
}
Event: 19.236 GC heap after
{Heap after GC invocations=39 (full 0):
 garbage-first heap   total 324608K, used 123390K [0x0000000080000000, 0x0000000100000000)
  region size 1024K, 7 young (7168K), 7 survivors (7168K)
 Metaspace       used 102401K, capacity 105018K, committed 105480K, reserved 1140736K
  class space    used 13182K, capacity 14211K, committed 14464K, reserved 1048576K
}
Event: 19.882 GC heap before
{Heap before GC invocations=39 (full 0):
 garbage-first heap   total 324608K, used 256510K [0x0000000080000000, 0x0000000100000000)
  region size 1024K, 137 young (140288K), 7 survivors (7168K)
 Metaspace       used 102405K, capacity 105018K, committed 105480K, reserved 1140736K
  class space    used 13182K, capacity 14211K, committed 14464K, reserved 1048576K
}
Event: 19.891 GC heap after
{Heap after GC invocations=40 (full 0):
 garbage-first heap   total 324608K, used 124167K [0x0000000080000000, 0x0000000100000000)
  region size 1024K, 7 young (7168K), 7 survivors (7168K)
 Metaspace       used 102405K, capacity 105018K, committed 105480K, reserved 1140736K
  class space    used 13182K, capacity 14211K, committed 14464K, reserved 1048576K
}
Event: 20.587 GC heap before
{Heap before GC invocations=40 (full 0):
 garbage-first heap   total 324608K, used 274695K [0x0000000080000000, 0x0000000100000000)
  region size 1024K, 154 young (157696K), 7 survivors (7168K)
 Metaspace       used 102438K, capacity 105087K, committed 105736K, reserved 1140736K
  class space    used 13182K, capacity 14212K, committed 14464K, reserved 1048576K
}
Event: 20.600 GC heap after
{Heap after GC invocations=41 (full 0):
 garbage-first heap   total 324608K, used 124934K [0x0000000080000000, 0x0000000100000000)
  region size 1024K, 8 young (8192K), 8 survivors (8192K)
 Metaspace       used 102438K, capacity 105087K, committed 105736K, reserved 1140736K
  class space    used 13182K, capacity 14212K, committed 14464K, reserved 1048576K
}
Event: 21.580 GC heap before
{Heap before GC invocations=41 (full 0):
 garbage-first heap   total 324608K, used 276486K [0x0000000080000000, 0x0000000100000000)
  region size 1024K, 156 young (159744K), 8 survivors (8192K)
 Metaspace       used 102453K, capacity 105088K, committed 105736K, reserved 1140736K
  class space    used 13182K, capacity 14212K, committed 14464K, reserved 1048576K
}
Event: 21.593 GC heap after
{Heap after GC invocations=42 (full 0):
 garbage-first heap   total 324608K, used 125747K [0x0000000080000000, 0x0000000100000000)
  region size 1024K, 9 young (9216K), 9 survivors (9216K)
 Metaspace       used 102453K, capacity 105088K, committed 105736K, reserved 1140736K
  class space    used 13182K, capacity 14212K, committed 14464K, reserved 1048576K
}

